2012.08.13 12:43 B C:\Users\mhuser\orig-folders\Desktop\funky-soon\js\fancybox\blank.gif --> e27523-ftp.services.easyname.eu /html/js/fancybox blank.gif
2012.08.13 12:44 B C:\Users\mhuser\orig-folders\Desktop\funky-soon\js\fancybox\fancy_close.png --> e27523-ftp.services.easyname.eu /html/js/fancybox fancy_close.png
2012.08.13 12:44 B C:\Users\mhuser\orig-folders\Desktop\funky-soon\js\fancybox\fancy_loading.png --> e27523-ftp.services.easyname.eu /html/js/fancybox fancy_loading.png
2012.08.13 12:44 B C:\Users\mhuser\orig-folders\Desktop\funky-soon\js\fancybox\fancy_nav_left.png --> e27523-ftp.services.easyname.eu /html/js/fancybox fancy_nav_left.png
2012.08.13 12:44 B C:\Users\mhuser\orig-folders\Desktop\funky-soon\js\fancybox\fancy_nav_right.png --> e27523-ftp.services.easyname.eu /html/js/fancybox fancy_nav_right.png
2012.08.13 12:44 B C:\Users\mhuser\orig-folders\Desktop\funky-soon\js\fancybox\fancy_shadow_e.png --> e27523-ftp.services.easyname.eu /html/js/fancybox fancy_shadow_e.png
2012.08.13 12:44 B C:\Users\mhuser\orig-folders\Desktop\funky-soon\js\fancybox\fancy_shadow_n.png --> e27523-ftp.services.easyname.eu /html/js/fancybox fancy_shadow_n.png
2012.08.13 12:44 B C:\Users\mhuser\orig-folders\Desktop\funky-soon\js\fancybox\fancy_shadow_ne.png --> e27523-ftp.services.easyname.eu /html/js/fancybox fancy_shadow_ne.png
2012.08.13 12:44 B C:\Users\mhuser\orig-folders\Desktop\funky-soon\js\fancybox\fancy_shadow_nw.png --> e27523-ftp.services.easyname.eu /html/js/fancybox fancy_shadow_nw.png
2012.08.13 12:44 B C:\Users\mhuser\orig-folders\Desktop\funky-soon\js\fancybox\fancy_shadow_s.png --> e27523-ftp.services.easyname.eu /html/js/fancybox fancy_shadow_s.png
2012.08.13 12:44 B C:\Users\mhuser\orig-folders\Desktop\funky-soon\js\fancybox\fancy_shadow_se.png --> e27523-ftp.services.easyname.eu /html/js/fancybox fancy_shadow_se.png
2012.08.13 12:44 B C:\Users\mhuser\orig-folders\Desktop\funky-soon\js\fancybox\fancy_shadow_sw.png --> e27523-ftp.services.easyname.eu /html/js/fancybox fancy_shadow_sw.png
2012.08.13 12:44 B C:\Users\mhuser\orig-folders\Desktop\funky-soon\js\fancybox\fancy_shadow_w.png --> e27523-ftp.services.easyname.eu /html/js/fancybox fancy_shadow_w.png
2012.08.13 12:44 B C:\Users\mhuser\orig-folders\Desktop\funky-soon\js\fancybox\fancy_title_left.png --> e27523-ftp.services.easyname.eu /html/js/fancybox fancy_title_left.png
2012.08.13 12:44 B C:\Users\mhuser\orig-folders\Desktop\funky-soon\js\fancybox\fancy_title_main.png --> e27523-ftp.services.easyname.eu /html/js/fancybox fancy_title_main.png
2012.08.13 12:44 B C:\Users\mhuser\orig-folders\Desktop\funky-soon\js\fancybox\fancy_title_over.png --> e27523-ftp.services.easyname.eu /html/js/fancybox fancy_title_over.png
2012.08.13 12:44 B C:\Users\mhuser\orig-folders\Desktop\funky-soon\js\fancybox\fancy_title_right.png --> e27523-ftp.services.easyname.eu /html/js/fancybox fancy_title_right.png
2012.08.13 12:44 B C:\Users\mhuser\orig-folders\Desktop\funky-soon\js\fancybox\fancybox-x.png --> e27523-ftp.services.easyname.eu /html/js/fancybox fancybox-x.png
2012.08.13 12:44 B C:\Users\mhuser\orig-folders\Desktop\funky-soon\js\fancybox\fancybox-y.png --> e27523-ftp.services.easyname.eu /html/js/fancybox fancybox-y.png
2012.08.13 12:44 B C:\Users\mhuser\orig-folders\Desktop\funky-soon\js\fancybox\fancybox.png --> e27523-ftp.services.easyname.eu /html/js/fancybox fancybox.png
2012.08.13 12:44 B C:\Users\mhuser\orig-folders\Desktop\funky-soon\js\fancybox\jquery.easing-1.3.pack.js --> e27523-ftp.services.easyname.eu /html/js/fancybox jquery.easing-1.3.pack.js
2012.08.13 12:44 B C:\Users\mhuser\orig-folders\Desktop\funky-soon\js\fancybox\jquery.fancybox-1.3.4.js --> e27523-ftp.services.easyname.eu /html/js/fancybox jquery.fancybox-1.3.4.js
2012.08.13 12:44 B C:\Users\mhuser\orig-folders\Desktop\funky-soon\js\fancybox\jquery.fancybox-script.js --> e27523-ftp.services.easyname.eu /html/js/fancybox jquery.fancybox-script.js
2012.08.13 12:44 B C:\Users\mhuser\orig-folders\Desktop\funky-soon\js\fancybox\jquery.fancybox-style.css --> e27523-ftp.services.easyname.eu /html/js/fancybox jquery.fancybox-style.css
2012.08.13 12:44 B C:\Users\mhuser\orig-folders\Desktop\funky-soon\js\fancybox\jquery.mousewheel.pack.js --> e27523-ftp.services.easyname.eu /html/js/fancybox jquery.mousewheel.pack.js
2012.08.13 12:44 B C:\Users\mhuser\orig-folders\Desktop\funky-soon\js\fancybox\js-fancybox-config-filemanager.js --> e27523-ftp.services.easyname.eu /html/js/fancybox js-fancybox-config-filemanager.js
2012.08.13 12:45 B C:\Users\mhuser\orig-folders\Desktop\funky-soon\js\fancybox\js-fancybox-config.js --> e27523-ftp.services.easyname.eu /html/js/fancybox js-fancybox-config.js
2012.08.13 12:45 B C:\Users\mhuser\orig-folders\Desktop\funky-soon\js\fancybox\js-fancybox-IWS-config.js --> e27523-ftp.services.easyname.eu /html/js/fancybox js-fancybox-IWS-config.js
